This file contains any messages produced by compilers while
running configure, to aid debugging if configure makes a mistake.

It was created by configure, which was
generated by GNU Autoconf 2.52.  Invocation command line was

  $ ./configure 

## ---------- ##
## Platform.  ##
## ---------- ##

hostname = edswindowsmac
uname -m = i386
uname -r = 11.2.0
uname -s = Darwin
uname -v = Darwin Kernel Version 11.2.0: Tue Jul 19 17:40:19 PDT 2011; root:xnu-1699.24.3~1/RELEASE_I386

/usr/bin/uname -p = i386
/bin/uname -X     = unknown

/bin/arch              = unknown
/usr/bin/arch -k       = unknown
/usr/convex/getsysinfo = unknown
hostinfo               = Mach kernel version:
	 Darwin Kernel Version 11.2.0: Tue Jul 19 17:40:19 PDT 2011; root:xnu-1699.24.3~1/RELEASE_I386
Kernel configured for up to 2 processors.
2 processors are physically available.
2 processors are logically available.
Processor type: i486 (Intel 80486)
Processors active: 0 1
Primary memory available: 4.00 gigabytes
Default processor set: 116 tasks, 478 threads, 2 processors
Load average: 1.11, Mach factor: 0.89
/bin/machine           = unknown
/usr/bin/oslevel       = unknown
/bin/universe          = unknown

PATH = /opt/local/bin:/opt/local/sbin:/usr/bin:/bin:/usr/sbin:/sbin:/usr/local/bin:/usr/X11/bin:/Users/edsakabu/shells:/opt/local/bin/

## ------------ ##
## Core tests.  ##
## ------------ ##

configure:987: PATH=".;."; conftest.sh
./configure: line 988: conftest.sh: command not found
configure:990: $? = 127
configure:1050: checking for cc
configure:1065: found /usr/bin/cc
configure:1073: result: cc
configure:1091: checking for C compiler version
configure:1094: cc --version </dev/null >&5
i686-apple-darwin11-llvm-gcc-4.2 (GCC) 4.2.1 (Based on Apple Inc. build 5658) (LLVM build 2335.15.00)
Copyright (C) 2007 Free Software Foundation, Inc.
This is free software; see the source for copying conditions.  There is NO
warranty; not even for MERCHANTABILITY or FITNESS FOR A PARTICULAR PURPOSE.

configure:1097: $? = 0
configure:1099: cc -v </dev/null >&5
Using built-in specs.
Target: i686-apple-darwin11
Configured with: /private/var/tmp/llvmgcc42/llvmgcc42-2335.15~108/src/configure --disable-checking --enable-werror --prefix=/Developer/usr/llvm-gcc-4.2 --mandir=/share/man --enable-languages=c,objc,c++,obj-c++ --program-prefix=llvm- --program-transform-name=/^[cg][^.-]*$/s/$/-4.2/ --with-slibdir=/usr/lib --build=i686-apple-darwin11 --enable-llvm=/private/var/tmp/llvmgcc42/llvmgcc42-2335.15~108/dst-llvmCore/Developer/usr/local --program-prefix=i686-apple-darwin11- --host=x86_64-apple-darwin11 --target=i686-apple-darwin11 --with-gxx-include-dir=/usr/include/c++/4.2.1
Thread model: posix
gcc version 4.2.1 (Based on Apple Inc. build 5658) (LLVM build 2335.15.00)
configure:1102: $? = 0
configure:1104: cc -V </dev/null >&5
llvm-gcc-4.2: argument to `-V' is missing
configure:1107: $? = 1
configure:1127: checking for C compiler default output
configure:1130: cc    conftest.c  >&5
configure:1133: $? = 0
configure:1162: result: a.out
configure:1167: checking whether the C compiler works
configure:1173: ./a.out
configure:1176: $? = 0
configure:1191: result: yes
configure:1198: checking whether we are cross compiling
configure:1200: result: no
configure:1203: checking for executable suffix
configure:1205: cc -o conftest    conftest.c  >&5
configure:1208: $? = 0
configure:1230: result: 
configure:1236: checking for object suffix
configure:1254: cc -c   conftest.c >&5
configure:1257: $? = 0
configure:1276: result: o
configure:1280: checking whether we are using the GNU C compiler
configure:1301: cc -c   conftest.c >&5
configure:1304: $? = 0
configure:1307: test -s conftest.o
configure:1310: $? = 0
configure:1322: result: yes
configure:1328: checking whether cc accepts -g
configure:1346: cc -c -g  conftest.c >&5
configure:1349: $? = 0
configure:1352: test -s conftest.o
configure:1355: $? = 0
configure:1365: result: yes
configure:1392: cc -c -g -O2  conftest.c >&5
conftest.c:2: error: expected '=', ',', ';', 'asm' or '__attribute__' before 'me'
configure:1395: $? = 1
configure: failed program was:
#ifndef __cplusplus
  choke me
#endif
configure:1530: checking for a BSD compatible install
configure:1579: result: /usr/bin/install -c
configure:1596: checking build system type
configure:1614: result: i686-apple-darwin11.2.0
configure:1621: checking host system type
configure:1635: result: i686-apple-darwin11.2.0
configure:1647: checking how to run the C preprocessor
configure:1673: cc -E  conftest.c
configure:1679: $? = 0
configure:1706: cc -E  conftest.c
configure:1703:28: error: ac_nonexistent.h: No such file or directory
configure:1712: $? = 1
configure: failed program was:
#line 1702 "configure"
#include "confdefs.h"
#include <ac_nonexistent.h>
configure:1749: result: cc -E
configure:1764: cc -E  conftest.c
configure:1770: $? = 0
configure:1797: cc -E  conftest.c
configure:1794:28: error: ac_nonexistent.h: No such file or directory
configure:1803: $? = 1
configure: failed program was:
#line 1793 "configure"
#include "confdefs.h"
#include <ac_nonexistent.h>
configure:1848: checking for dirent.h
configure:1858: cc -E  conftest.c
configure:1864: $? = 0
configure:1883: result: yes
configure:1848: checking for errno.h
configure:1858: cc -E  conftest.c
configure:1864: $? = 0
configure:1883: result: yes
configure:1848: checking for fcntl.h
configure:1858: cc -E  conftest.c
configure:1864: $? = 0
configure:1883: result: yes
configure:1848: checking for fnmatch.h
configure:1858: cc -E  conftest.c
configure:1864: $? = 0
configure:1883: result: yes
configure:1848: checking for netdb.h
configure:1858: cc -E  conftest.c
configure:1864: $? = 0
configure:1883: result: yes
configure:1848: checking for netinet/in.h
configure:1858: cc -E  conftest.c
configure:1864: $? = 0
configure:1883: result: yes
configure:1848: checking for netinet/tcp.h
configure:1858: cc -E  conftest.c
configure:1864: $? = 0
configure:1883: result: yes
configure:1848: checking for byteswap.h
configure:1858: cc -E  conftest.c
configure:1855:22: error: byteswap.h: No such file or directory
configure:1864: $? = 1
configure: failed program was:
#line 1854 "configure"
#include "confdefs.h"
#include <byteswap.h>
configure:1883: result: no
configure:1848: checking for pwd.h
configure:1858: cc -E  conftest.c
configure:1864: $? = 0
configure:1883: result: yes
configure:1848: checking for signal.h
configure:1858: cc -E  conftest.c
configure:1864: $? = 0
configure:1883: result: yes
configure:1848: checking for stdarg.h
configure:1858: cc -E  conftest.c
configure:1864: $? = 0
configure:1883: result: yes
configure:1848: checking for stdio.h
configure:1858: cc -E  conftest.c
configure:1864: $? = 0
configure:1883: result: yes
configure:1848: checking for string.h
configure:1858: cc -E  conftest.c
configure:1864: $? = 0
configure:1883: result: yes
configure:1848: checking for sys/socket.h
configure:1858: cc -E  conftest.c
configure:1864: $? = 0
configure:1883: result: yes
configure:1848: checking for sys/stat.h
configure:1858: cc -E  conftest.c
configure:1864: $? = 0
configure:1883: result: yes
configure:1848: checking for sys/time.h
configure:1858: cc -E  conftest.c
configure:1864: $? = 0
configure:1883: result: yes
configure:1848: checking for sys/types.h
configure:1858: cc -E  conftest.c
configure:1864: $? = 0
configure:1883: result: yes
configure:1848: checking for sys/wait.h
configure:1858: cc -E  conftest.c
configure:1864: $? = 0
configure:1883: result: yes
configure:1848: checking for syslog.h
configure:1858: cc -E  conftest.c
configure:1864: $? = 0
configure:1883: result: yes
configure:1848: checking for time.h
configure:1858: cc -E  conftest.c
configure:1864: $? = 0
configure:1883: result: yes
configure:1848: checking for unistd.h
configure:1858: cc -E  conftest.c
configure:1864: $? = 0
configure:1883: result: yes
configure:1848: checking for utime.h
configure:1858: cc -E  conftest.c
configure:1864: $? = 0
configure:1883: result: yes
configure:1893: checking whether time.h and sys/time.h may both be included
configure:1915: cc -c -g -O2  conftest.c >&5
configure:1918: $? = 0
configure:1921: test -s conftest.o
configure:1924: $? = 0
configure:1934: result: yes
configure:1944: checking for socket in -lc
configure:1971: cc -o conftest -g -O2   conftest.c -lc   >&5
configure:1974: $? = 0
configure:1977: test -s conftest
configure:1980: $? = 0
configure:1991: result: yes
configure:2123: checking for ANSI C header files
configure:2137: cc -E  conftest.c
configure:2143: $? = 0
configure:2230: cc -o conftest -g -O2   conftest.c  >&5
configure: In function 'main':
configure:2222: warning: incompatible implicit declaration of built-in function 'exit'
configure:2233: $? = 0
configure:2235: ./conftest
configure:2238: $? = 0
configure:2251: result: yes
configure:2267: checking for sys/types.h
configure:2298: result: yes
configure:2267: checking for sys/stat.h
configure:2298: result: yes
configure:2267: checking for stdlib.h
configure:2279: cc -c -g -O2  conftest.c >&5
configure:2282: $? = 0
configure:2285: test -s conftest.o
configure:2288: $? = 0
configure:2298: result: yes
configure:2267: checking for string.h
configure:2298: result: yes
configure:2267: checking for memory.h
configure:2279: cc -c -g -O2  conftest.c >&5
configure:2282: $? = 0
configure:2285: test -s conftest.o
configure:2288: $? = 0
configure:2298: result: yes
configure:2267: checking for strings.h
configure:2279: cc -c -g -O2  conftest.c >&5
configure:2282: $? = 0
configure:2285: test -s conftest.o
configure:2288: $? = 0
configure:2298: result: yes
configure:2267: checking for inttypes.h
configure:2279: cc -c -g -O2  conftest.c >&5
configure:2282: $? = 0
configure:2285: test -s conftest.o
configure:2288: $? = 0
configure:2298: result: yes
configure:2267: checking for stdint.h
configure:2279: cc -c -g -O2  conftest.c >&5
configure:2282: $? = 0
configure:2285: test -s conftest.o
configure:2288: $? = 0
configure:2298: result: yes
configure:2267: checking for unistd.h
configure:2298: result: yes
configure:2308: checking for size_t
configure:2329: cc -c -g -O2  conftest.c >&5
configure:2332: $? = 0
configure:2335: test -s conftest.o
configure:2338: $? = 0
configure:2348: result: yes
configure:2360: checking for chdir
configure:2397: cc -o conftest -g -O2   conftest.c  >&5
configure:2400: $? = 0
configure:2403: test -s conftest
configure:2406: $? = 0
configure:2416: result: yes
configure:2429: checking for fcntl
configure:2466: cc -o conftest -g -O2   conftest.c  >&5
configure:2469: $? = 0
configure:2472: test -s conftest
configure:2475: $? = 0
configure:2485: result: yes
configure:2498: checking for fnmatch
configure:2535: cc -o conftest -g -O2   conftest.c  >&5
configure:2538: $? = 0
configure:2541: test -s conftest
configure:2544: $? = 0
configure:2554: result: yes
configure:2567: checking for fork
configure:2604: cc -o conftest -g -O2   conftest.c  >&5
configure:2583: warning: conflicting types for built-in function 'fork'
configure:2607: $? = 0
configure:2610: test -s conftest
configure:2613: $? = 0
configure:2623: result: yes
configure:2636: checking for fprintf
configure:2673: cc -o conftest -g -O2   conftest.c  >&5
configure:2652: warning: conflicting types for built-in function 'fprintf'
configure:2676: $? = 0
configure:2679: test -s conftest
configure:2682: $? = 0
configure:2692: result: yes
configure:2705: checking for free
configure:2742: cc -o conftest -g -O2   conftest.c  >&5
configure:2745: $? = 0
configure:2748: test -s conftest
configure:2751: $? = 0
configure:2761: result: yes
configure:2774: checking for getopt
configure:2811: cc -o conftest -g -O2   conftest.c  >&5
configure:2814: $? = 0
configure:2817: test -s conftest
configure:2820: $? = 0
configure:2830: result: yes
configure:2843: checking for getpid
configure:2880: cc -o conftest -g -O2   conftest.c  >&5
configure:2883: $? = 0
configure:2886: test -s conftest
configure:2889: $? = 0
configure:2899: result: yes
configure:2912: checking for gettimeofday
configure:2949: cc -o conftest -g -O2   conftest.c  >&5
configure:2952: $? = 0
configure:2955: test -s conftest
configure:2958: $? = 0
configure:2968: result: yes
configure:2981: checking for kill
configure:3018: cc -o conftest -g -O2   conftest.c  >&5
configure:3021: $? = 0
configure:3024: test -s conftest
configure:3027: $? = 0
configure:3037: result: yes
configure:3050: checking for localtime
configure:3087: cc -o conftest -g -O2   conftest.c  >&5
configure:3090: $? = 0
configure:3093: test -s conftest
configure:3096: $? = 0
configure:3106: result: yes
configure:3119: checking for openlog
configure:3156: cc -o conftest -g -O2   conftest.c  >&5
configure:3159: $? = 0
configure:3162: test -s conftest
configure:3165: $? = 0
configure:3175: result: yes
configure:3188: checking for opendir
configure:3225: cc -o conftest -g -O2   conftest.c  >&5
configure:3228: $? = 0
configure:3231: test -s conftest
configure:3234: $? = 0
configure:3244: result: yes
configure:3257: checking for random
configure:3294: cc -o conftest -g -O2   conftest.c  >&5
configure:3297: $? = 0
configure:3300: test -s conftest
configure:3303: $? = 0
configure:3313: result: yes
configure:3392: checking for readdir
configure:3429: cc -o conftest -g -O2   conftest.c  >&5
configure:3432: $? = 0
configure:3435: test -s conftest
configure:3438: $? = 0
configure:3448: result: yes
configure:3461: checking for read
configure:3498: cc -o conftest -g -O2   conftest.c  >&5
configure:3501: $? = 0
configure:3504: test -s conftest
configure:3507: $? = 0
configure:3517: result: yes
configure:3530: checking for select
configure:3567: cc -o conftest -g -O2   conftest.c  >&5
configure:3570: $? = 0
configure:3573: test -s conftest
configure:3576: $? = 0
configure:3586: result: yes
configure:3599: checking for setsid
configure:3636: cc -o conftest -g -O2   conftest.c  >&5
configure:3639: $? = 0
configure:3642: test -s conftest
configure:3645: $? = 0
configure:3655: result: yes
configure:3668: checking for sigaction
configure:3705: cc -o conftest -g -O2   conftest.c  >&5
configure:3708: $? = 0
configure:3711: test -s conftest
configure:3714: $? = 0
configure:3724: result: yes
configure:3737: checking for sigemptyset
configure:3774: cc -o conftest -g -O2   conftest.c  >&5
configure:3777: $? = 0
configure:3780: test -s conftest
configure:3783: $? = 0
configure:3793: result: yes
configure:3806: checking for sleep
configure:3843: cc -o conftest -g -O2   conftest.c  >&5
configure:3846: $? = 0
configure:3849: test -s conftest
configure:3852: $? = 0
configure:3862: result: yes
configure:3875: checking for sprintf
configure:3912: cc -o conftest -g -O2   conftest.c  >&5
configure:3891: warning: conflicting types for built-in function 'sprintf'
configure:3915: $? = 0
configure:3918: test -s conftest
configure:3921: $? = 0
configure:3931: result: yes
configure:3944: checking for srandom
configure:3981: cc -o conftest -g -O2   conftest.c  >&5
configure:3984: $? = 0
configure:3987: test -s conftest
configure:3990: $? = 0
configure:4000: result: yes
configure:4079: checking for strcmp
configure:4116: cc -o conftest -g -O2   conftest.c  >&5
configure:4095: warning: conflicting types for built-in function 'strcmp'
configure:4119: $? = 0
configure:4122: test -s conftest
configure:4125: $? = 0
configure:4135: result: yes
configure:4148: checking for strcpy
configure:4185: cc -o conftest -g -O2   conftest.c  >&5
configure:4164: warning: conflicting types for built-in function 'strcpy'
configure:4188: $? = 0
configure:4191: test -s conftest
configure:4194: $? = 0
configure:4204: result: yes
configure:4217: checking for strerror
configure:4254: cc -o conftest -g -O2   conftest.c  >&5
configure:4257: $? = 0
configure:4260: test -s conftest
configure:4263: $? = 0
configure:4273: result: yes
configure:4286: checking for strftime
configure:4323: cc -o conftest -g -O2   conftest.c  >&5
configure:4302: warning: conflicting types for built-in function 'strftime'
configure:4326: $? = 0
configure:4329: test -s conftest
configure:4332: $? = 0
configure:4342: result: yes
configure:4355: checking for strlen
configure:4392: cc -o conftest -g -O2   conftest.c  >&5
configure:4371: warning: conflicting types for built-in function 'strlen'
configure:4395: $? = 0
configure:4398: test -s conftest
configure:4401: $? = 0
configure:4411: result: yes
configure:4424: checking for syslog
configure:4461: cc -o conftest -g -O2   conftest.c  >&5
configure:4464: $? = 0
configure:4467: test -s conftest
configure:4470: $? = 0
configure:4480: result: yes
configure:4493: checking for unlink
configure:4530: cc -o conftest -g -O2   conftest.c  >&5
configure:4533: $? = 0
configure:4536: test -s conftest
configure:4539: $? = 0
configure:4549: result: yes
configure:4562: checking for waitpid
configure:4599: cc -o conftest -g -O2   conftest.c  >&5
configure:4602: $? = 0
configure:4605: test -s conftest
configure:4608: $? = 0
configure:4618: result: yes
configure:4631: checking for write
configure:4668: cc -o conftest -g -O2   conftest.c  >&5
configure:4671: $? = 0
configure:4674: test -s conftest
configure:4677: $? = 0
configure:4687: result: yes
configure:4701: checking for siginfo struct
configure:4724: cc -c -g -O2  conftest.c >&5
configure:4727: $? = 0
configure:4730: test -s conftest.o
configure:4733: $? = 0
configure:4743: result: found
configure:4745: checking for signal to use
configure:4781: cc -o conftest -g -O2   conftest.c  >&5
configure: In function 'in_sighup':
configure:4759: warning: incompatible implicit declaration of built-in function 'exit'
configure:4761: warning: incompatible implicit declaration of built-in function 'exit'
configure: In function 'main':
configure:4771: warning: incompatible implicit declaration of built-in function 'exit'
configure:4776: warning: incompatible implicit declaration of built-in function 'exit'
configure:4784: $? = 0
configure:4786: ./conftest
configure:4789: $? = 0
configure:4809: result: using standard signals
configure:4881: checking for SA_NOCLDWAIT flag
configure:4897: cc -c -g -O2  conftest.c >&5
configure:4900: $? = 0
configure:4903: test -s conftest.o
configure:4906: $? = 0
configure:4916: result: found
configure:4927: checking for long long
configure:4948: cc -c -g -O2  conftest.c >&5
configure:4951: $? = 0
configure:4954: test -s conftest.o
configure:4957: $? = 0
configure:4967: result: yes
configure:4970: checking size of long long
configure:5134: cc -o conftest -g -O2   conftest.c  >&5
configure: In function 'main':
configure:5159: warning: format '%d' expects type 'int', but argument 3 has type 'long unsigned int'
configure:5159: warning: format '%d' expects type 'int', but argument 3 has type 'long unsigned int'
configure:5137: $? = 0
configure:5139: ./conftest
configure:5142: $? = 0
configure:5158: result: 8
configure:5175: checking for off_t
configure:5196: cc -c -g -O2  conftest.c >&5
configure:5199: $? = 0
configure:5202: test -s conftest.o
configure:5205: $? = 0
configure:5215: result: yes
configure:5218: checking size of off_t
configure:5382: cc -o conftest -g -O2   conftest.c  >&5
configure: In function 'main':
configure:5407: warning: format '%d' expects type 'int', but argument 3 has type 'long unsigned int'
configure:5407: warning: format '%d' expects type 'int', but argument 3 has type 'long unsigned int'
configure:5385: $? = 0
configure:5387: ./conftest
configure:5390: $? = 0
configure:5406: result: 8
configure:6872: checking how to printf a long long
configure:6892: cc -o conftest -g -O2   conftest.c  >&5
configure:6895: $? = 0
configure:6897: ./conftest
configure:6900: $? = 0
configure:6907: result: using %lld
configure:6963: checking whether byte ordering is bigendian
configure:6988: cc -c -g -O2  conftest.c >&5
configure:6991: $? = 0
configure:6994: test -s conftest.o
configure:6997: $? = 0
configure:7018: cc -c -g -O2  conftest.c >&5
configure: In function 'main':
configure:7009: error: 'not' undeclared (first use in this function)
configure:7009: error: (Each undeclared identifier is reported only once
configure:7009: error: for each function it appears in.)
configure:7009: error: expected ';' before 'big'
configure:7021: $? = 1
configure: failed program was:
#line 7001 "configure"
#include "confdefs.h"
#include <sys/types.h>
#include <sys/param.h>

int
main ()
{
#if BYTE_ORDER != BIG_ENDIAN
 not big endian
#endif

  ;
  return 0;
}
configure:7085: result: no
configure:7098: checking for ntohll
configure:7135: cc -o conftest -g -O2   conftest.c  >&5
Undefined symbols for architecture x86_64:
  "_ntohll", referenced from:
      _main in ccdiLyhe.o
ld: symbol(s) not found for architecture x86_64
collect2: ld returned 1 exit status
configure:7138: $? = 1
configure: failed program was:
#line 7104 "configure"
#include "confdefs.h"
/* System header to define __stub macros and hopefully few prototypes,
    which can conflict with char ntohll (); below.  */
#include <assert.h>
/* Override any gcc2 internal prototype to avoid an error.  */
#ifdef __cplusplus
extern "C"
#endif
/* We use char because int might match the return type of a gcc2
   builtin and then its argument prototype would still apply.  */
char ntohll ();
char (*f) ();

int
main ()
{
/* The GNU C library defines this for functions which it implements
    to always fail with ENOSYS.  Some functions are actually named
    something starting with __ and the normal name is an alias.  */
#if defined (__stub_ntohll) || defined (__stub___ntohll)
choke me
#else
f = ntohll;
#endif

  ;
  return 0;
}
configure:7154: result: no
configure:7098: checking for bswap_64
configure:7135: cc -o conftest -g -O2   conftest.c  >&5
Undefined symbols for architecture x86_64:
  "_bswap_64", referenced from:
      _main in cczfknrr.o
ld: symbol(s) not found for architecture x86_64
collect2: ld returned 1 exit status
configure:7138: $? = 1
configure: failed program was:
#line 7104 "configure"
#include "confdefs.h"
/* System header to define __stub macros and hopefully few prototypes,
    which can conflict with char bswap_64 (); below.  */
#include <assert.h>
/* Override any gcc2 internal prototype to avoid an error.  */
#ifdef __cplusplus
extern "C"
#endif
/* We use char because int might match the return type of a gcc2
   builtin and then its argument prototype would still apply.  */
char bswap_64 ();
char (*f) ();

int
main ()
{
/* The GNU C library defines this for functions which it implements
    to always fail with ENOSYS.  Some functions are actually named
    something starting with __ and the normal name is an alias.  */
#if defined (__stub_bswap_64) || defined (__stub___bswap_64)
choke me
#else
f = bswap_64;
#endif

  ;
  return 0;
}
configure:7154: result: no
configure:7617: checking for sysconf
configure:7654: cc -o conftest -g -O2 -DDARWIN -I../includes -I./   conftest.c  >&5
configure:7657: $? = 0
configure:7660: test -s conftest
configure:7663: $? = 0
configure:7673: result: yes
configure:7687: checking for getpassphrase
configure:7724: cc -o conftest -g -O2 -DDARWIN -I../includes -I./   conftest.c  >&5
Undefined symbols for architecture x86_64:
  "_getpassphrase", referenced from:
      _main in ccgAb3fc.o
ld: symbol(s) not found for architecture x86_64
collect2: ld returned 1 exit status
configure:7727: $? = 1
configure: failed program was:
#line 7693 "configure"
#include "confdefs.h"
/* System header to define __stub macros and hopefully few prototypes,
    which can conflict with char getpassphrase (); below.  */
#include <assert.h>
/* Override any gcc2 internal prototype to avoid an error.  */
#ifdef __cplusplus
extern "C"
#endif
/* We use char because int might match the return type of a gcc2
   builtin and then its argument prototype would still apply.  */
char getpassphrase ();
char (*f) ();

int
main ()
{
/* The GNU C library defines this for functions which it implements
    to always fail with ENOSYS.  Some functions are actually named
    something starting with __ and the normal name is an alias.  */
#if defined (__stub_getpassphrase) || defined (__stub___getpassphrase)
choke me
#else
f = getpassphrase;
#endif

  ;
  return 0;
}
configure:7743: result: no
configure:7752: checking for getpass
configure:7789: cc -o conftest -g -O2 -DDARWIN -I../includes -I./   conftest.c  >&5
configure:7792: $? = 0
configure:7795: test -s conftest
configure:7798: $? = 0
configure:7808: result: yes
configure:7853: checking for library containing getservbyname_r
configure:7880: cc -o conftest -g -O2 -DDARWIN -I../includes -I./  -I/usr/local/include -I/usr/local/include/shift  conftest.c  /usr/local/lib/libshift.a >&5
i686-apple-darwin11-llvm-gcc-4.2: /usr/local/lib/libshift.a: No such file or directory
configure:7883: $? = 1
configure: failed program was:
#line 7861 "configure"
#include "confdefs.h"

/* Override any gcc2 internal prototype to avoid an error.  */
#ifdef __cplusplus
extern "C"
#endif
/* We use char because int might match the return type of a gcc2
   builtin and then its argument prototype would still apply.  */
char getservbyname_r ();
int
main ()
{
getservbyname_r ();
  ;
  return 0;
}
configure:7920: cc -o conftest -g -O2 -DDARWIN -I../includes -I./  -I/usr/local/include -I/usr/local/include/shift  conftest.c -lsocket   /usr/local/lib/libshift.a >&5
i686-apple-darwin11-llvm-gcc-4.2: /usr/local/lib/libshift.a: No such file or directory
configure:7923: $? = 1
configure: failed program was:
#line 7901 "configure"
#include "confdefs.h"

/* Override any gcc2 internal prototype to avoid an error.  */
#ifdef __cplusplus
extern "C"
#endif
/* We use char because int might match the return type of a gcc2
   builtin and then its argument prototype would still apply.  */
char getservbyname_r ();
int
main ()
{
getservbyname_r ();
  ;
  return 0;
}
configure:7920: cc -o conftest -g -O2 -DDARWIN -I../includes -I./  -I/usr/local/include -I/usr/local/include/shift  conftest.c -lxnet   /usr/local/lib/libshift.a >&5
i686-apple-darwin11-llvm-gcc-4.2: /usr/local/lib/libshift.a: No such file or directory
configure:7923: $? = 1
configure: failed program was:
#line 7901 "configure"
#include "confdefs.h"

/* Override any gcc2 internal prototype to avoid an error.  */
#ifdef __cplusplus
extern "C"
#endif
/* We use char because int might match the return type of a gcc2
   builtin and then its argument prototype would still apply.  */
char getservbyname_r ();
int
main ()
{
getservbyname_r ();
  ;
  return 0;
}
configure:7942: result: no
configure:7948: checking for library containing gethostbyaddr_r
configure:7975: cc -o conftest -g -O2 -DDARWIN -I../includes -I./  -I/usr/local/include -I/usr/local/include/shift  conftest.c  /usr/local/lib/libshift.a >&5
i686-apple-darwin11-llvm-gcc-4.2: /usr/local/lib/libshift.a: No such file or directory
configure:7978: $? = 1
configure: failed program was:
#line 7956 "configure"
#include "confdefs.h"

/* Override any gcc2 internal prototype to avoid an error.  */
#ifdef __cplusplus
extern "C"
#endif
/* We use char because int might match the return type of a gcc2
   builtin and then its argument prototype would still apply.  */
char gethostbyaddr_r ();
int
main ()
{
gethostbyaddr_r ();
  ;
  return 0;
}
configure:8015: cc -o conftest -g -O2 -DDARWIN -I../includes -I./  -I/usr/local/include -I/usr/local/include/shift  conftest.c -lnsl   /usr/local/lib/libshift.a >&5
i686-apple-darwin11-llvm-gcc-4.2: /usr/local/lib/libshift.a: No such file or directory
configure:8018: $? = 1
configure: failed program was:
#line 7996 "configure"
#include "confdefs.h"

/* Override any gcc2 internal prototype to avoid an error.  */
#ifdef __cplusplus
extern "C"
#endif
/* We use char because int might match the return type of a gcc2
   builtin and then its argument prototype would still apply.  */
char gethostbyaddr_r ();
int
main ()
{
gethostbyaddr_r ();
  ;
  return 0;
}
configure:8037: result: no
configure:8043: checking for library containing sched_get_priority_max
configure:8070: cc -o conftest -g -O2 -DDARWIN -I../includes -I./  -I/usr/local/include -I/usr/local/include/shift  conftest.c  /usr/local/lib/libshift.a >&5
i686-apple-darwin11-llvm-gcc-4.2: /usr/local/lib/libshift.a: No such file or directory
configure:8073: $? = 1
configure: failed program was:
#line 8051 "configure"
#include "confdefs.h"

/* Override any gcc2 internal prototype to avoid an error.  */
#ifdef __cplusplus
extern "C"
#endif
/* We use char because int might match the return type of a gcc2
   builtin and then its argument prototype would still apply.  */
char sched_get_priority_max ();
int
main ()
{
sched_get_priority_max ();
  ;
  return 0;
}
configure:8110: cc -o conftest -g -O2 -DDARWIN -I../includes -I./  -I/usr/local/include -I/usr/local/include/shift  conftest.c -lrt   /usr/local/lib/libshift.a >&5
i686-apple-darwin11-llvm-gcc-4.2: /usr/local/lib/libshift.a: No such file or directory
configure:8113: $? = 1
configure: failed program was:
#line 8091 "configure"
#include "confdefs.h"

/* Override any gcc2 internal prototype to avoid an error.  */
#ifdef __cplusplus
extern "C"
#endif
/* We use char because int might match the return type of a gcc2
   builtin and then its argument prototype would still apply.  */
char sched_get_priority_max ();
int
main ()
{
sched_get_priority_max ();
  ;
  return 0;
}
configure:8110: cc -o conftest -g -O2 -DDARWIN -I../includes -I./  -I/usr/local/include -I/usr/local/include/shift  conftest.c -lposix4   /usr/local/lib/libshift.a >&5
i686-apple-darwin11-llvm-gcc-4.2: /usr/local/lib/libshift.a: No such file or directory
configure:8113: $? = 1
configure: failed program was:
#line 8091 "configure"
#include "confdefs.h"

/* Override any gcc2 internal prototype to avoid an error.  */
#ifdef __cplusplus
extern "C"
#endif
/* We use char because int might match the return type of a gcc2
   builtin and then its argument prototype would still apply.  */
char sched_get_priority_max ();
int
main ()
{
sched_get_priority_max ();
  ;
  return 0;
}
configure:8132: result: no
configure:8139: checking for /usr/local/include/shift/rfio_api.h
configure:8154: result: no
configure:8419: checking for rfio_open
configure:8456: cc -o conftest -g -O2 -DDARWIN -I../includes -I./  -I/usr/local/include -I/usr/local/include/shift  conftest.c  /usr/local/lib/libshift.a >&5
i686-apple-darwin11-llvm-gcc-4.2: /usr/local/lib/libshift.a: No such file or directory
configure:8459: $? = 1
configure: failed program was:
#line 8425 "configure"
#include "confdefs.h"
/* System header to define __stub macros and hopefully few prototypes,
    which can conflict with char rfio_open (); below.  */
#include <assert.h>
/* Override any gcc2 internal prototype to avoid an error.  */
#ifdef __cplusplus
extern "C"
#endif
/* We use char because int might match the return type of a gcc2
   builtin and then its argument prototype would still apply.  */
char rfio_open ();
char (*f) ();

int
main ()
{
/* The GNU C library defines this for functions which it implements
    to always fail with ENOSYS.  Some functions are actually named
    something starting with __ and the normal name is an alias.  */
#if defined (__stub_rfio_open) || defined (__stub___rfio_open)
choke me
#else
f = rfio_open;
#endif

  ;
  return 0;
}
configure:8475: result: no
configure:8940: WARNING: RFIO not installed
configure:10070: checking for RSA_private_decrypt in -lcrypto
configure:10097: cc -o conftest -g -O2 -DDARWIN -I../includes -I./   conftest.c -lcrypto   >&5
configure:10100: $? = 0
configure:10103: test -s conftest
configure:10106: $? = 0
configure:10117: result: yes
configure:10164: checking for openssl/rsa.h
configure:10174: cc -E -I../includes -I./  conftest.c
configure:10180: $? = 0
configure:10199: result: yes
configure:10218: checking for library containing dlopen
configure:10245: cc -o conftest -g -O2 -DDARWIN -I../includes -I./   conftest.c  -lcrypto >&5
configure:10248: $? = 0
configure:10251: test -s conftest
configure:10254: $? = 0
configure:10307: result: none required
configure:10329: checking for compress in -lz
configure:10356: cc -o conftest -g -O2 -DDARWIN -I../includes -I./   conftest.c -lz   -lcrypto >&5
configure:10359: $? = 0
configure:10362: test -s conftest
configure:10365: $? = 0
configure:10376: result: yes
configure:10423: checking for zlib.h
configure:10433: cc -E -I../includes -I./  conftest.c
configure:10439: $? = 0
configure:10458: result: yes
configure:10423: checking for zconf.h
configure:10433: cc -E -I../includes -I./  conftest.c
configure:10439: $? = 0
configure:10458: result: yes
configure:10558: creating ./config.status

## ----------------------- ##
## Running config.status.  ##
## ----------------------- ##

This file was extended by config.status 2.52, executed with
  CONFIG_FILES    = 
  CONFIG_HEADERS  = 
  CONFIG_LINKS    = 
  CONFIG_COMMANDS = 
  > ./config.status 
on edswindowsmac

config.status:11005: creating Makefile
config.status:11097: creating bbftp.h

## ----------------- ##
## Cache variables.  ##
## ----------------- ##

ac_cv_build=i686-apple-darwin11.2.0
ac_cv_build_alias=i686-apple-darwin11.2.0
ac_cv_c_bigendian=no
ac_cv_c_compiler_gnu=yes
ac_cv_env_CC_set=
ac_cv_env_CC_value=
ac_cv_env_CFLAGS_set=
ac_cv_env_CFLAGS_value=
ac_cv_env_CPPFLAGS_set=
ac_cv_env_CPPFLAGS_value=
ac_cv_env_CPP_set=
ac_cv_env_CPP_value=
ac_cv_env_LDFLAGS_set=
ac_cv_env_LDFLAGS_value=
ac_cv_env_build_alias_set=
ac_cv_env_build_alias_value=
ac_cv_env_host_alias_set=
ac_cv_env_host_alias_value=
ac_cv_env_target_alias_set=
ac_cv_env_target_alias_value=
ac_cv_file__usr_local_include_shift_rfio_api_h=no
ac_cv_func_bswap_64=no
ac_cv_func_chdir=yes
ac_cv_func_fcntl=yes
ac_cv_func_fnmatch=yes
ac_cv_func_fork=yes
ac_cv_func_fprintf=yes
ac_cv_func_free=yes
ac_cv_func_getopt=yes
ac_cv_func_getpass=yes
ac_cv_func_getpassphrase=no
ac_cv_func_getpid=yes
ac_cv_func_gettimeofday=yes
ac_cv_func_kill=yes
ac_cv_func_localtime=yes
ac_cv_func_ntohll=no
ac_cv_func_opendir=yes
ac_cv_func_openlog=yes
ac_cv_func_random=yes
ac_cv_func_read=yes
ac_cv_func_readdir=yes
ac_cv_func_rfio_open=no
ac_cv_func_select=yes
ac_cv_func_setsid=yes
ac_cv_func_sigaction=yes
ac_cv_func_sigemptyset=yes
ac_cv_func_sleep=yes
ac_cv_func_sprintf=yes
ac_cv_func_srandom=yes
ac_cv_func_strcmp=yes
ac_cv_func_strcpy=yes
ac_cv_func_strerror=yes
ac_cv_func_strftime=yes
ac_cv_func_strlen=yes
ac_cv_func_sysconf=yes
ac_cv_func_syslog=yes
ac_cv_func_unlink=yes
ac_cv_func_waitpid=yes
ac_cv_func_write=yes
ac_cv_header_byteswap_h=no
ac_cv_header_dirent_h=yes
ac_cv_header_errno_h=yes
ac_cv_header_fcntl_h=yes
ac_cv_header_fnmatch_h=yes
ac_cv_header_inttypes_h=yes
ac_cv_header_memory_h=yes
ac_cv_header_netdb_h=yes
ac_cv_header_netinet_in_h=yes
ac_cv_header_netinet_tcp_h=yes
ac_cv_header_openssl_rsa_h=yes
ac_cv_header_pwd_h=yes
ac_cv_header_signal_h=yes
ac_cv_header_stdarg_h=yes
ac_cv_header_stdc=yes
ac_cv_header_stdint_h=yes
ac_cv_header_stdio_h=yes
ac_cv_header_stdlib_h=yes
ac_cv_header_string_h=yes
ac_cv_header_strings_h=yes
ac_cv_header_sys_socket_h=yes
ac_cv_header_sys_stat_h=yes
ac_cv_header_sys_time_h=yes
ac_cv_header_sys_types_h=yes
ac_cv_header_sys_wait_h=yes
ac_cv_header_syslog_h=yes
ac_cv_header_time=yes
ac_cv_header_time_h=yes
ac_cv_header_unistd_h=yes
ac_cv_header_utime_h=yes
ac_cv_header_zconf_h=yes
ac_cv_header_zlib_h=yes
ac_cv_host=i686-apple-darwin11.2.0
ac_cv_host_alias=i686-apple-darwin11.2.0
ac_cv_lib_c_socket=yes
ac_cv_lib_crypto_RSA_private_decrypt=yes
ac_cv_lib_z_compress=yes
ac_cv_objext=o
ac_cv_path_install='/usr/bin/install -c'
ac_cv_prog_CPP='cc -E'
ac_cv_prog_ac_ct_CC=cc
ac_cv_prog_cc_g=yes
ac_cv_search_dlopen='none required'
ac_cv_search_gethostbyaddr_r=no
ac_cv_search_getservbyname_r=no
ac_cv_search_sched_get_priority_max=no
ac_cv_sizeof_long_long=8
ac_cv_sizeof_off_t=8
ac_cv_type_long_long=yes
ac_cv_type_off_t=yes
ac_cv_type_size_t=yes
ccin2p3_cv_rfio=no

## ------------ ##
## confdefs.h.  ##
## ------------ ##

#define HAVE_DIRENT_H 1
#define HAVE_ERRNO_H 1
#define HAVE_FCNTL_H 1
#define HAVE_FNMATCH_H 1
#define HAVE_NETDB_H 1
#define HAVE_NETINET_IN_H 1
#define HAVE_NETINET_TCP_H 1
#define HAVE_PWD_H 1
#define HAVE_SIGNAL_H 1
#define HAVE_STDARG_H 1
#define HAVE_STDIO_H 1
#define HAVE_STRING_H 1
#define HAVE_SYS_SOCKET_H 1
#define HAVE_SYS_STAT_H 1
#define HAVE_SYS_TIME_H 1
#define HAVE_SYS_TYPES_H 1
#define HAVE_SYS_WAIT_H 1
#define HAVE_SYSLOG_H 1
#define HAVE_TIME_H 1
#define HAVE_UNISTD_H 1
#define HAVE_UTIME_H 1
#define TIME_WITH_SYS_TIME 1
#define STDC_HEADERS 1
#define HAVE_SYS_TYPES_H 1
#define HAVE_SYS_STAT_H 1
#define HAVE_STDLIB_H 1
#define HAVE_STRING_H 1
#define HAVE_MEMORY_H 1
#define HAVE_STRINGS_H 1
#define HAVE_INTTYPES_H 1
#define HAVE_STDINT_H 1
#define HAVE_UNISTD_H 1
#define HAVE_SIGINFO 1
#define USE_STANDART_SIGNALS 1
#define HAVE_SA_NOCLDWAIT 1
#define SIZEOF_LONG_LONG 8
#define my64_t long long
#define SIZEOF_OFF_T 8
#define STANDART_FILE_CALL 1
#define LONG_LONG_FORMAT "lld"
#define HAVE_OPENSSL_RSA_H 1
#define WITH_SSL 1
#define HAVE_ZLIB_H 1
#define WITH_GZIP 1
#define HAVE_ZCONF_H 1
#define WITH_GZIP 1


configure: exit 0
